2025-02-18 18:27:15,914 - scrapy.utils.log - INFO - Scrapy 2.12.0 started (bot: scrapybot)
2025-02-18 18:27:15,921 - scrapy.utils.log - INFO - Versions: lxml 5.3.1.0, libxml2 2.11.7, cssselect 1.2.0, parsel 1.10.0, w3lib 2.3.1, Twisted 24.11.0, Python 3.10.6 (tags/v3.10.6:9c7b4bd, Aug  1 2022, 21:53:49) [MSC v.1932 64 bit (AMD64)], pyOpenSSL 25.0.0 (OpenSSL 3.4.1 11 Feb 2025), cryptography 44.0.1, Platform Windows-10-10.0.19045-SP0
2025-02-18 18:27:15,922 - scrapy.addons - INFO - Enabled addons:
[]
2025-02-18 18:27:15,925 - scrapy.utils.log - DEBUG - Using reactor: twisted.internet.selectreactor.SelectReactor
2025-02-18 18:27:15,927 - scrapy.extensions.telnet - INFO - Telnet Password: 7094ca07f95bd506
2025-02-18 18:27:15,938 - scrapy.middleware - INFO - Enabled extensions:
['scrapy.extensions.corestats.CoreStats',
 'scrapy.extensions.telnet.TelnetConsole',
 'scrapy.extensions.logstats.LogStats']
2025-02-18 18:27:15,940 - scrapy.crawler - INFO - Overridden settings:
{}
2025-02-18 18:27:16,020 - scrapy.middleware - INFO - Enabled downloader middlewares:
['scrapy.downloadermiddlewares.offsite.OffsiteMiddleware',
 'scrapy.downloadermiddlewares.httpauth.HttpAuthMiddleware',
 'scrapy.downloadermiddlewares.downloadtimeout.DownloadTimeoutMiddleware',
 'scrapy.downloadermiddlewares.defaultheaders.DefaultHeadersMiddleware',
 'scrapy.downloadermiddlewares.useragent.UserAgentMiddleware',
 'scrapy.downloadermiddlewares.retry.RetryMiddleware',
 'scrapy.downloadermiddlewares.redirect.MetaRefreshMiddleware',
 'scrapy.downloadermiddlewares.httpcompression.HttpCompressionMiddleware',
 'scrapy.downloadermiddlewares.redirect.RedirectMiddleware',
 'scrapy.downloadermiddlewares.cookies.CookiesMiddleware',
 'scrapy.downloadermiddlewares.httpproxy.HttpProxyMiddleware',
 'scrapy.downloadermiddlewares.stats.DownloaderStats']
2025-02-18 18:27:16,023 - scrapy.middleware - INFO - Enabled spider middlewares:
['scrapy.spidermiddlewares.httperror.HttpErrorMiddleware',
 'scrapy.spidermiddlewares.referer.RefererMiddleware',
 'scrapy.spidermiddlewares.urllength.UrlLengthMiddleware',
 'scrapy.spidermiddlewares.depth.DepthMiddleware']
2025-02-18 18:27:16,023 - scrapy.middleware - INFO - Enabled item pipelines:
[]
2025-02-18 18:27:16,023 - scrapy.core.engine - INFO - Spider opened
2025-02-18 18:27:16,030 - scrapy.extensions.logstats - INFO - Crawled 0 pages (at 0 pages/min), scraped 0 items (at 0 items/min)
2025-02-18 18:27:16,030 - scrapy.extensions.telnet - INFO - Telnet console listening on 127.0.0.1:6023
2025-02-18 18:27:16,642 - scrapy.core.engine - DEBUG - Crawled (200) <GET https://www.academy.com/p/nike-womens-court-legacy-next-nature-shoes> (referer: None)
2025-02-18 18:27:16,767 - academy - ERROR - Error extracting product data: name 'ProductItem' is not defined
2025-02-18 18:27:16,767 - root - ERROR - Error extracting product data: name 'ProductItem' is not defined
2025-02-18 18:27:16,768 - scrapy.core.engine - INFO - Closing spider (finished)
2025-02-18 18:27:16,769 - scrapy.statscollectors - INFO - Dumping Scrapy stats:
{'downloader/request_bytes': 260,
 'downloader/request_count': 1,
 'downloader/request_method_count/GET': 1,
 'downloader/response_bytes': 330653,
 'downloader/response_count': 1,
 'downloader/response_status_count/200': 1,
 'elapsed_time_seconds': 0.740534,
 'finish_reason': 'finished',
 'finish_time': datetime.datetime(2025, 2, 18, 16, 27, 16, 769858, tzinfo=datetime.timezone.utc),
 'httpcompression/response_bytes': 1991137,
 'httpcompression/response_count': 1,
 'items_per_minute': None,
 'log_count/DEBUG': 2,
 'log_count/ERROR': 2,
 'log_count/INFO': 10,
 'response_received_count': 1,
 'responses_per_minute': None,
 'scheduler/dequeued': 1,
 'scheduler/dequeued/memory': 1,
 'scheduler/enqueued': 1,
 'scheduler/enqueued/memory': 1,
 'start_time': datetime.datetime(2025, 2, 18, 16, 27, 16, 29324, tzinfo=datetime.timezone.utc)}
2025-02-18 18:27:16,771 - scrapy.core.engine - INFO - Spider closed (finished)
2025-02-18 18:27:44,027 - scrapy.utils.log - INFO - Scrapy 2.12.0 started (bot: scrapybot)
2025-02-18 18:27:44,034 - scrapy.utils.log - INFO - Versions: lxml 5.3.1.0, libxml2 2.11.7, cssselect 1.2.0, parsel 1.10.0, w3lib 2.3.1, Twisted 24.11.0, Python 3.10.6 (tags/v3.10.6:9c7b4bd, Aug  1 2022, 21:53:49) [MSC v.1932 64 bit (AMD64)], pyOpenSSL 25.0.0 (OpenSSL 3.4.1 11 Feb 2025), cryptography 44.0.1, Platform Windows-10-10.0.19045-SP0
2025-02-18 18:27:44,035 - scrapy.addons - INFO - Enabled addons:
[]
2025-02-18 18:27:44,038 - scrapy.utils.log - DEBUG - Using reactor: twisted.internet.selectreactor.SelectReactor
2025-02-18 18:27:44,040 - scrapy.extensions.telnet - INFO - Telnet Password: 0900d539ec4a54cd
2025-02-18 18:27:44,049 - scrapy.middleware - INFO - Enabled extensions:
['scrapy.extensions.corestats.CoreStats',
 'scrapy.extensions.telnet.TelnetConsole',
 'scrapy.extensions.logstats.LogStats']
2025-02-18 18:27:44,049 - scrapy.crawler - INFO - Overridden settings:
{}
2025-02-18 18:27:44,132 - scrapy.middleware - INFO - Enabled downloader middlewares:
['scrapy.downloadermiddlewares.offsite.OffsiteMiddleware',
 'scrapy.downloadermiddlewares.httpauth.HttpAuthMiddleware',
 'scrapy.downloadermiddlewares.downloadtimeout.DownloadTimeoutMiddleware',
 'scrapy.downloadermiddlewares.defaultheaders.DefaultHeadersMiddleware',
 'scrapy.downloadermiddlewares.useragent.UserAgentMiddleware',
 'scrapy.downloadermiddlewares.retry.RetryMiddleware',
 'scrapy.downloadermiddlewares.redirect.MetaRefreshMiddleware',
 'scrapy.downloadermiddlewares.httpcompression.HttpCompressionMiddleware',
 'scrapy.downloadermiddlewares.redirect.RedirectMiddleware',
 'scrapy.downloadermiddlewares.cookies.CookiesMiddleware',
 'scrapy.downloadermiddlewares.httpproxy.HttpProxyMiddleware',
 'scrapy.downloadermiddlewares.stats.DownloaderStats']
2025-02-18 18:27:44,135 - scrapy.middleware - INFO - Enabled spider middlewares:
['scrapy.spidermiddlewares.httperror.HttpErrorMiddleware',
 'scrapy.spidermiddlewares.referer.RefererMiddleware',
 'scrapy.spidermiddlewares.urllength.UrlLengthMiddleware',
 'scrapy.spidermiddlewares.depth.DepthMiddleware']
2025-02-18 18:27:44,135 - scrapy.middleware - INFO - Enabled item pipelines:
[]
2025-02-18 18:27:44,136 - scrapy.core.engine - INFO - Spider opened
2025-02-18 18:27:44,141 - scrapy.extensions.logstats - INFO - Crawled 0 pages (at 0 pages/min), scraped 0 items (at 0 items/min)
2025-02-18 18:27:44,142 - scrapy.extensions.telnet - INFO - Telnet console listening on 127.0.0.1:6023
2025-02-18 18:27:44,498 - scrapy.core.engine - DEBUG - Crawled (200) <GET https://www.academy.com/p/nike-womens-court-legacy-next-nature-shoes> (referer: None)
2025-02-18 18:27:44,634 - scrapy.core.scraper - DEBUG - Scraped from <200 https://www.academy.com/p/nike-womens-court-legacy-next-nature-shoes>
{'available_colors': ['Brown',
                      'White / Black02',
                      'White / Multi',
                      'White / Bright Pink'],
 'color': 'White / Black01',
 'name': "Nike Women's Court Legacy Next Nature Shoes",
 'price': '69.99',
 'review_count': '742',
 'reviews_score': '4.4'}
2025-02-18 18:27:44,637 - scrapy.core.engine - INFO - Closing spider (finished)
2025-02-18 18:27:44,637 - scrapy.statscollectors - INFO - Dumping Scrapy stats:
{'downloader/request_bytes': 260,
 'downloader/request_count': 1,
 'downloader/request_method_count/GET': 1,
 'downloader/response_bytes': 330653,
 'downloader/response_count': 1,
 'downloader/response_status_count/200': 1,
 'elapsed_time_seconds': 0.496076,
 'finish_reason': 'finished',
 'finish_time': datetime.datetime(2025, 2, 18, 16, 27, 44, 637409, tzinfo=datetime.timezone.utc),
 'httpcompression/response_bytes': 1991137,
 'httpcompression/response_count': 1,
 'item_scraped_count': 1,
 'items_per_minute': None,
 'log_count/DEBUG': 3,
 'log_count/INFO': 10,
 'response_received_count': 1,
 'responses_per_minute': None,
 'scheduler/dequeued': 1,
 'scheduler/dequeued/memory': 1,
 'scheduler/enqueued': 1,
 'scheduler/enqueued/memory': 1,
 'start_time': datetime.datetime(2025, 2, 18, 16, 27, 44, 141333, tzinfo=datetime.timezone.utc)}
2025-02-18 18:27:44,638 - scrapy.core.engine - INFO - Spider closed (finished)
2025-02-18 18:27:44,666 - scrapy.utils.log - INFO - Scrapy 2.12.0 started (bot: shoes)
2025-02-18 18:27:44,666 - scrapy.utils.log - INFO - Versions: lxml 5.3.1.0, libxml2 2.11.7, cssselect 1.2.0, parsel 1.10.0, w3lib 2.3.1, Twisted 24.11.0, Python 3.10.6 (tags/v3.10.6:9c7b4bd, Aug  1 2022, 21:53:49) [MSC v.1932 64 bit (AMD64)], pyOpenSSL 25.0.0 (OpenSSL 3.4.1 11 Feb 2025), cryptography 44.0.1, Platform Windows-10-10.0.19045-SP0
2025-02-18 18:27:44,685 - scrapy.addons - INFO - Enabled addons:
[]
2025-02-18 18:27:44,686 - asyncio - DEBUG - Using selector: SelectSelector
2025-02-18 18:27:44,687 - scrapy.utils.log - DEBUG - Using reactor: twisted.internet.selectreactor.SelectReactor
2025-02-18 18:27:44,702 - twisted - CRITICAL - Unhandled error in Deferred:
2025-02-18 18:27:44,702 - twisted - CRITICAL - Unhandled error in Deferred:
2025-02-18 18:27:44,704 - twisted - CRITICAL - 
Traceback (most recent call last):
  File "C:\Users\User\Desktop\scrapy-re\venv\lib\site-packages\twisted\internet\defer.py", line 2017, in _inlineCallbacks
    result = context.run(gen.send, result)
  File "C:\Users\User\Desktop\scrapy-re\venv\lib\site-packages\scrapy\crawler.py", line 150, in crawl
    self._apply_settings()
  File "C:\Users\User\Desktop\scrapy-re\venv\lib\site-packages\scrapy\crawler.py", line 124, in _apply_settings
    verify_installed_reactor(reactor_class)
  File "C:\Users\User\Desktop\scrapy-re\venv\lib\site-packages\scrapy\utils\reactor.py", line 157, in verify_installed_reactor
    raise Exception(msg)
Exception: The installed reactor (twisted.internet.selectreactor.SelectReactor) does not match the requested one (twisted.internet.asyncioreactor.AsyncioSelectorReactor)
2025-02-18 18:27:44,704 - twisted - CRITICAL - 
Traceback (most recent call last):
  File "C:\Users\User\Desktop\scrapy-re\venv\lib\site-packages\twisted\internet\defer.py", line 2017, in _inlineCallbacks
    result = context.run(gen.send, result)
  File "C:\Users\User\Desktop\scrapy-re\venv\lib\site-packages\scrapy\crawler.py", line 150, in crawl
    self._apply_settings()
  File "C:\Users\User\Desktop\scrapy-re\venv\lib\site-packages\scrapy\crawler.py", line 124, in _apply_settings
    verify_installed_reactor(reactor_class)
  File "C:\Users\User\Desktop\scrapy-re\venv\lib\site-packages\scrapy\utils\reactor.py", line 157, in verify_installed_reactor
    raise Exception(msg)
Exception: The installed reactor (twisted.internet.selectreactor.SelectReactor) does not match the requested one (twisted.internet.asyncioreactor.AsyncioSelectorReactor)
2025-02-18 18:32:58,288 - scrapy.utils.log - INFO - Scrapy 2.12.0 started (bot: shoes)
2025-02-18 18:32:58,295 - scrapy.utils.log - INFO - Versions: lxml 5.3.1.0, libxml2 2.11.7, cssselect 1.2.0, parsel 1.10.0, w3lib 2.3.1, Twisted 24.11.0, Python 3.10.6 (tags/v3.10.6:9c7b4bd, Aug  1 2022, 21:53:49) [MSC v.1932 64 bit (AMD64)], pyOpenSSL 25.0.0 (OpenSSL 3.4.1 11 Feb 2025), cryptography 44.0.1, Platform Windows-10-10.0.19045-SP0
2025-02-18 18:32:58,296 - scrapy.addons - INFO - Enabled addons:
[]
2025-02-18 18:32:58,297 - asyncio - DEBUG - Using selector: SelectSelector
2025-02-18 18:32:58,298 - scrapy.utils.log - DEBUG - Using reactor: twisted.internet.asyncioreactor.AsyncioSelectorReactor
2025-02-18 18:32:58,298 - scrapy.utils.log - DEBUG - Using asyncio event loop: asyncio.windows_events._WindowsSelectorEventLoop
2025-02-18 18:32:58,298 - scrapy.utils.log - DEBUG - Using reactor: twisted.internet.asyncioreactor.AsyncioSelectorReactor
2025-02-18 18:32:58,298 - scrapy.utils.log - DEBUG - Using asyncio event loop: asyncio.windows_events._WindowsSelectorEventLoop
2025-02-18 18:32:58,301 - scrapy.extensions.telnet - INFO - Telnet Password: b6f6776cd7e29b51
2025-02-18 18:32:58,319 - scrapy.middleware - INFO - Enabled extensions:
['scrapy.extensions.corestats.CoreStats',
 'scrapy.extensions.telnet.TelnetConsole',
 'scrapy.extensions.feedexport.FeedExporter',
 'scrapy.extensions.logstats.LogStats',
 'scrapy.extensions.throttle.AutoThrottle']
2025-02-18 18:32:58,320 - scrapy.crawler - INFO - Overridden settings:
{'AUTOTHROTTLE_ENABLED': True,
 'AUTOTHROTTLE_MAX_DELAY': 10,
 'AUTOTHROTTLE_START_DELAY': 3,
 'BOT_NAME': 'shoes',
 'DOWNLOAD_DELAY': 5,
 'FEED_EXPORT_ENCODING': 'utf-8',
 'NEWSPIDER_MODULE': 'shoes.spiders',
 'SPIDER_MODULES': ['shoes.spiders'],
 'TWISTED_REACTOR': 'twisted.internet.asyncioreactor.AsyncioSelectorReactor'}
2025-02-18 18:32:58,406 - scrapy.middleware - WARNING - Disabled scrapy_selenium.SeleniumMiddleware: SELENIUM_DRIVER_NAME and SELENIUM_DRIVER_EXECUTABLE_PATH must be set
2025-02-18 18:32:58,408 - scrapy.middleware - INFO - Enabled downloader middlewares:
['scrapy.downloadermiddlewares.offsite.OffsiteMiddleware',
 'scrapy.downloadermiddlewares.httpauth.HttpAuthMiddleware',
 'scrapy.downloadermiddlewares.downloadtimeout.DownloadTimeoutMiddleware',
 'scrapy.downloadermiddlewares.defaultheaders.DefaultHeadersMiddleware',
 'scrapy.downloadermiddlewares.useragent.UserAgentMiddleware',
 'scrapy.downloadermiddlewares.retry.RetryMiddleware',
 'scrapy.downloadermiddlewares.redirect.MetaRefreshMiddleware',
 'scrapy.downloadermiddlewares.httpcompression.HttpCompressionMiddleware',
 'scrapy.downloadermiddlewares.redirect.RedirectMiddleware',
 'scrapy.downloadermiddlewares.cookies.CookiesMiddleware',
 'scrapy.downloadermiddlewares.httpproxy.HttpProxyMiddleware',
 'scrapy.downloadermiddlewares.stats.DownloaderStats']
2025-02-18 18:32:58,411 - scrapy.middleware - INFO - Enabled spider middlewares:
['scrapy.spidermiddlewares.httperror.HttpErrorMiddleware',
 'scrapy.spidermiddlewares.referer.RefererMiddleware',
 'scrapy.spidermiddlewares.urllength.UrlLengthMiddleware',
 'scrapy.spidermiddlewares.depth.DepthMiddleware']
2025-02-18 18:32:58,412 - scrapy.middleware - INFO - Enabled item pipelines:
[]
2025-02-18 18:32:58,412 - scrapy.core.engine - INFO - Spider opened
2025-02-18 18:32:58,418 - scrapy.extensions.logstats - INFO - Crawled 0 pages (at 0 pages/min), scraped 0 items (at 0 items/min)
2025-02-18 18:32:58,419 - scrapy.extensions.telnet - INFO - Telnet console listening on 127.0.0.1:6023
2025-02-18 18:32:59,007 - scrapy.core.engine - DEBUG - Crawled (200) <GET https://www.academy.com/p/nike-womens-court-legacy-next-nature-shoes> (referer: None)
2025-02-18 18:32:59,140 - scrapy.core.scraper - DEBUG - Scraped from <200 https://www.academy.com/p/nike-womens-court-legacy-next-nature-shoes>
{'available_colors': ['Brown',
                      'White / Black02',
                      'White / Multi',
                      'White / Bright Pink'],
 'color': 'White / Black01',
 'name': "Nike Women's Court Legacy Next Nature Shoes",
 'price': '69.99',
 'review_count': '742',
 'reviews_score': '4.4'}
2025-02-18 18:32:59,142 - scrapy.core.engine - INFO - Closing spider (finished)
2025-02-18 18:32:59,143 - scrapy.extensions.feedexport - INFO - Stored jsonl feed (1 items) in: products.jsonl
2025-02-18 18:32:59,144 - scrapy.statscollectors - INFO - Dumping Scrapy stats:
{'downloader/request_bytes': 260,
 'downloader/request_count': 1,
 'downloader/request_method_count/GET': 1,
 'downloader/response_bytes': 331154,
 'downloader/response_count': 1,
 'downloader/response_status_count/200': 1,
 'elapsed_time_seconds': 0.725359,
 'feedexport/success_count/FileFeedStorage': 1,
 'finish_reason': 'finished',
 'finish_time': datetime.datetime(2025, 2, 18, 16, 32, 59, 143738, tzinfo=datetime.timezone.utc),
 'httpcompression/response_bytes': 1988529,
 'httpcompression/response_count': 1,
 'item_scraped_count': 1,
 'items_per_minute': None,
 'log_count/DEBUG': 7,
 'log_count/INFO': 11,
 'log_count/WARNING': 1,
 'response_received_count': 1,
 'responses_per_minute': None,
 'scheduler/dequeued': 1,
 'scheduler/dequeued/memory': 1,
 'scheduler/enqueued': 1,
 'scheduler/enqueued/memory': 1,
 'start_time': datetime.datetime(2025, 2, 18, 16, 32, 58, 418379, tzinfo=datetime.timezone.utc)}
2025-02-18 18:32:59,145 - scrapy.core.engine - INFO - Spider closed (finished)
